<?xml version="1.0" encoding="UTF-8" ?>
<testsuite tests="4" failures="0" name="com.testcases.rest.TestRest" time="33.677" errors="0" skipped="0">
  <properties>
    <property name="PROCESSOR_ARCHITECTURE" value="AMD64"/>
    <property name="file.encoding.pkg" value="sun.io"/>
    <property name="LOGONSERVER" value="\\BRLDC02"/>
    <property name="ProgramData" value="C:\ProgramData"/>
    <property name="java.home" value="C:\Program Files\Java\jdk1.8.0_181\jre"/>
    <property name="NODE_NAME" value="master"/>
    <property name="JENKINS_URL" value="http://localhost:8080/"/>
    <property name="ALLUSERSPROFILE" value="C:\ProgramData"/>
    <property name="java.endorsed.dirs" value="C:\Program Files\Java\jdk1.8.0_181\jre\lib\endorsed"/>
    <property name="OneDriveCommercial" value="C:\Users\laxmikant.mudhkan\OneDrive - Brillio"/>
    <property name="PSModulePath" value="C:\Program Files\WindowsPowerShell\Modules;C:\Windows\system32\WindowsPowerShell\v1.0\Modules"/>
    <property name="=::" value="::\"/>
    <property name="USERDOMAIN" value="BRILLIO"/>
    <property name="sun.os.patch.level" value=""/>
    <property name="java.vendor.url" value="http://java.oracle.com/"/>
    <property name="CommonProgramFiles(x86)" value="C:\Program Files (x86)\Common Files"/>
    <property name="java.version" value="1.8.0_181"/>
    <property name="JOB_NAME" value="RestAssured"/>
    <property name="COMPUTERNAME" value="BRILAP1418"/>
    <property name="ANDROID_HOME" value="C:\Users\laxmikant.mudhkan\AppData\Local\Android\Sdk"/>
    <property name="java.vendor.url.bug" value="http://bugreport.sun.com/bugreport/"/>
    <property name="PUBLIC" value="C:\Users\Public"/>
    <property name="ChocolateyLastPathUpdate" value="132696850679765017"/>
    <property name="user.name" value="Laxmikant.Mudhkan"/>
    <property name="sun.io.unicode.encoding" value="UnicodeLittle"/>
    <property name="sun.jnu.encoding" value="Cp1252"/>
    <property name="java.runtime.name" value="Java(TM) SE Runtime Environment"/>
    <property name="windir" value="C:\Windows"/>
    <property name="PROCESSOR_IDENTIFIER" value="Intel64 Family 6 Model 78 Stepping 3, GenuineIntel"/>
    <property name="java.specification.name" value="Java Platform API Specification"/>
    <property name="LOCALAPPDATA" value="C:\Users\laxmikant.mudhkan\AppData\Local"/>
    <property name="RUN_CHANGES_DISPLAY_URL" value="http://localhost:8080/job/RestAssured/3/display/redirect?page=changes"/>
    <property name="user.timezone" value="Asia/Calcutta"/>
    <property name="user.script" value=""/>
    <property name="path.separator" value=";"/>
    <property name="NUMBER_OF_PROCESSORS" value="4"/>
    <property name="BUILD_TAG" value="jenkins-RestAssured-3"/>
    <property name="file.encoding" value="Cp1252"/>
    <property name="sun.java.command" value="jenkins.maven3.agent.Maven35Main C:/apache-maven-3.8.1 C:\Users\laxmikant.mudhkan\.jenkins\war\WEB-INF\lib\remoting-4.9.jar C:\Users\laxmikant.mudhkan\.jenkins\plugins\maven-plugin\WEB-INF\lib\maven35-interceptor-1.13.jar C:\Users\laxmikant.mudhkan\.jenkins\plugins\maven-plugin\WEB-INF\lib\maven3-interceptor-commons-1.13.jar 57999"/>
    <property name="HUDSON_URL" value="http://localhost:8080/"/>
    <property name="JENKINS_SERVER_COOKIE" value="e3910ebc66682c67"/>
    <property name="EXECUTOR_NUMBER" value="0"/>
    <property name="Path" value="C:\Program Files\Java\jdk1.8.0_181/bin;C:\Program Files (x86)\Common Files\Oracle\Java\javapath;C:\Python39\Scripts\;C:\Python39\;C:\Windows\system32;C:\Windows;C:\Windows\System32\Wbem;C:\Windows\System32\WindowsPowerShell\v1.0\;C:\Windows\System32\OpenSSH\;C:\Program Files\nodejs\;C:\ProgramData\chocolatey\bin;C:\MAVEN\apache-maven-3.8.1\bin;C:\Users\laxmikant.mudhkan\AppData\Local\Android\Sdk;C:\Users\laxmikant.mudhkan\AppData\Local\Android\Sdk\build-tools;C:\Users\laxmikant.mudhkan\AppData\Local\Android\Sdk\tools\bin;C:\Users\laxmikant.mudhkan\AppData\Local\Android\Sdk\platform-tools;C:\Program Files\Java\jdk1.8.0_181\bin;C:\Seleniumgrid;C:\Users\laxmikant.mudhkan\AppData\Local\Programs\Git\cmd;C:\Users\laxmikant.mudhkan\AppData\Roaming\npm;"/>
    <property name="GIT_COMMIT" value="7a4f727ff14e73354b8d868ddaff0886ccff3f17"/>
    <property name="java.io.tmpdir" value="C:\Users\LAXMIK~1.MUD\AppData\Local\Temp\"/>
    <property name="APPDATA" value="C:\Users\laxmikant.mudhkan\AppData\Roaming"/>
    <property name="user.language" value="en"/>
    <property name="line.separator" value="
"/>
    <property name="BUILD_URL" value="http://localhost:8080/job/RestAssured/3/"/>
    <property name="M2_HOME" value="C:/apache-maven-3.8.1"/>
    <property name="=C:" value="C:\Program Files\Jenkins"/>
    <property name="java.vm.info" value="mixed mode"/>
    <property name="DriverData" value="C:\Windows\System32\Drivers\DriverData"/>
    <property name="sun.desktop" value="windows"/>
    <property name="java.vm.specification.name" value="Java Virtual Machine Specification"/>
    <property name="CI" value="true"/>
    <property name="BUILD_DISPLAY_NAME" value="#3"/>
    <property name="OS" value="Windows_NT"/>
    <property name="guice.disable.misplaced.annotation.check" value="true"/>
    <property name="HUDSON_SERVER_COOKIE" value="e3910ebc66682c67"/>
    <property name="WORKSPACE_TMP" value="C:\Users\laxmikant.mudhkan\.jenkins\jobs\RestAssured\workspace@tmp"/>
    <property name="MAVEN_HOME" value="C:/apache-maven-3.8.1"/>
    <property name="SESSIONNAME" value="Console"/>
    <property name="PATHEXT" value=".COM;.EXE;.BAT;.CMD;.VBS;.VBE;.JS;.JSE;.WSF;.WSH;.MSC;.PY;.PYW"/>
    <property name="java.awt.printerjob" value="sun.awt.windows.WPrinterJob"/>
    <property name="maven3.interceptor.common" value="C:\Users\laxmikant.mudhkan\.jenkins\plugins\maven-plugin\WEB-INF\lib\maven3-interceptor-commons-1.13.jar"/>
    <property name="CLASSPATH" value=""/>
    <property name="HOMEPATH" value="\Users\laxmikant.mudhkan"/>
    <property name="os.name" value="Windows 10"/>
    <property name="java.specification.vendor" value="Oracle Corporation"/>
    <property name="java.vm.name" value="Java HotSpot(TM) 64-Bit Server VM"/>
    <property name="BUILD_NUMBER" value="3"/>
    <property name="maven3.interceptor" value="C:\Users\laxmikant.mudhkan\.jenkins\plugins\maven-plugin\WEB-INF\lib\maven35-interceptor-1.13.jar"/>
    <property name="java.library.path" value="C:\Program Files\Java\jdk1.8.0_181\bin;C:\Windows\Sun\Java\bin;C:\Windows\system32;C:\Windows;C:/apache-maven-3.8.1/bin;C:\Program Files\Java\jdk1.8.0_181/bin;C:\Program Files\Java\jdk1.8.0_181/bin;C:\Program Files (x86)\Common Files\Oracle\Java\javapath;C:\Python39\Scripts\;C:\Python39\;C:\Windows\system32;C:\Windows;C:\Windows\System32\Wbem;C:\Windows\System32\WindowsPowerShell\v1.0\;C:\Windows\System32\OpenSSH\;C:\Program Files\nodejs\;C:\ProgramData\chocolatey\bin;C:\MAVEN\apache-maven-3.8.1\bin;C:\Users\laxmikant.mudhkan\AppData\Local\Android\Sdk;C:\Users\laxmikant.mudhkan\AppData\Local\Android\Sdk\build-tools;C:\Users\laxmikant.mudhkan\AppData\Local\Android\Sdk\tools\bin;C:\Users\laxmikant.mudhkan\AppData\Local\Android\Sdk\platform-tools;C:\Program Files\Java\jdk1.8.0_181\bin;C:\Seleniumgrid;C:\Users\laxmikant.mudhkan\AppData\Local\Programs\Git\cmd;C:\Users\laxmikant.mudhkan\AppData\Roaming\npm;;."/>
    <property name="HOMEDRIVE" value="C:"/>
    <property name="POM_GROUPID" value="NewRestAssured"/>
    <property name="POM_ARTIFACTID" value="NewRestAssured"/>
    <property name="java.class.version" value="52.0"/>
    <property name="JOB_URL" value="http://localhost:8080/job/RestAssured/"/>
    <property name="GIT_PREVIOUS_COMMIT" value="19e0502e500fa077adb119663a1b443365d9e6c1"/>
    <property name="OneDrive" value="C:\Users\laxmikant.mudhkan\OneDrive - Brillio"/>
    <property name="GIT_BRANCH" value="origin/master"/>
    <property name="RUN_DISPLAY_URL" value="http://localhost:8080/job/RestAssured/3/display/redirect"/>
    <property name="JENKINS_HOME" value="C:\Users\laxmikant.mudhkan\.jenkins"/>
    <property name="BUILD_ID" value="3"/>
    <property name="TEMP" value="C:\Users\LAXMIK~1.MUD\AppData\Local\Temp"/>
    <property name="sun.boot.library.path" value="C:\Program Files\Java\jdk1.8.0_181\jre\bin"/>
    <property name="sun.management.compiler" value="HotSpot 64-Bit Tiered Compilers"/>
    <property name="java.awt.graphicsenv" value="sun.awt.Win32GraphicsEnvironment"/>
    <property name="user.variant" value=""/>
    <property name="PROCESSOR_REVISION" value="4e03"/>
    <property name="POM_VERSION" value="0.0.1-SNAPSHOT"/>
    <property name="HUDSON_HOME" value="C:\Users\laxmikant.mudhkan\.jenkins"/>
    <property name="GIT_PREVIOUS_SUCCESSFUL_COMMIT" value="19e0502e500fa077adb119663a1b443365d9e6c1"/>
    <property name="ProgramFiles(x86)" value="C:\Program Files (x86)"/>
    <property name="PATH+MAVEN" value="C:/apache-maven-3.8.1/bin"/>
    <property name="USERDOMAIN_ROAMINGPROFILE" value="BRILLIO"/>
    <property name="RUN_ARTIFACTS_DISPLAY_URL" value="http://localhost:8080/job/RestAssured/3/display/redirect?page=artifacts"/>
    <property name="PROMPT" value="$P$G"/>
    <property name="java.vm.specification.version" value="1.8"/>
    <property name="JAVA_HOME" value="C:\Program Files\Java\jdk1.8.0_181"/>
    <property name="awt.toolkit" value="sun.awt.windows.WToolkit"/>
    <property name="NODE_LABELS" value="master"/>
    <property name="sun.cpu.isalist" value="amd64"/>
    <property name="USERPROFILE" value="C:\Users\laxmikant.mudhkan"/>
    <property name="JOB_DISPLAY_URL" value="http://localhost:8080/job/RestAssured/display/redirect"/>
    <property name="java.ext.dirs" value="C:\Program Files\Java\jdk1.8.0_181\jre\lib\ext;C:\Windows\Sun\Java\lib\ext"/>
    <property name="os.version" value="10.0"/>
    <property name="user.home" value="C:\Users\laxmikant.mudhkan"/>
    <property name="USERNAME" value="Laxmikant.Mudhkan"/>
    <property name="java.vm.vendor" value="Oracle Corporation"/>
    <property name="PROCESSOR_LEVEL" value="6"/>
    <property name="USERDNSDOMAIN" value="BRILLIO.COM"/>
    <property name="CommonProgramW6432" value="C:\Program Files\Common Files"/>
    <property name="user.dir" value="C:\Users\laxmikant.mudhkan\eclipse-workspace\NewRestAssured"/>
    <property name="maven.conf" value="C:\apache-maven-3.8.1\conf"/>
    <property name="ProgramW6432" value="C:\Program Files"/>
    <property name="TMP" value="C:\Users\LAXMIK~1.MUD\AppData\Local\Temp"/>
    <property name="UATDATA" value="C:\Windows\CCM\UATData\D9F8C395-CAB8-491d-B8AC-179A1FE1BE77"/>
    <property name="sun.cpu.endian" value="little"/>
    <property name="SystemDrive" value="C:"/>
    <property name="java.vm.version" value="25.181-b13"/>
    <property name="java.class.path" value="C:\Users\laxmikant.mudhkan\.jenkins\plugins\maven-plugin\WEB-INF\lib\maven35-agent-1.13.jar;C:\apache-maven-3.8.1\boot\plexus-classworlds-2.6.0.jar;C:\apache-maven-3.8.1/conf/logging"/>
    <property name="org.slf4j.simpleLogger.defaultLogLevel" value="info"/>
    <property name="os.arch" value="amd64"/>
    <property name="WORKSPACE" value="C:\Users\laxmikant.mudhkan\.jenkins\jobs\RestAssured\workspace"/>
    <property name="ComSpec" value="C:\Windows\system32\cmd.exe"/>
    <property name="RUN_TESTS_DISPLAY_URL" value="http://localhost:8080/job/RestAssured/3/display/redirect?page=tests"/>
    <property name="sun.java.launcher" value="SUN_STANDARD"/>
    <property name="FPS_BROWSER_APP_PROFILE_STRING" value="Internet Explorer"/>
    <property name="SystemRoot" value="C:\Windows"/>
    <property name="CommonProgramFiles" value="C:\Program Files\Common Files"/>
    <property name="java.vm.specification.vendor" value="Oracle Corporation"/>
    <property name="FPS_BROWSER_USER_PROFILE_STRING" value="Default"/>
    <property name="file.separator" value="\"/>
    <property name="ChocolateyInstall" value="C:\ProgramData\chocolatey"/>
    <property name="java.runtime.version" value="1.8.0_181-b13"/>
    <property name="ProgramFiles" value="C:\Program Files"/>
    <property name="sun.boot.class.path" value="C:\Program Files\Java\jdk1.8.0_181\jre\lib\resources.jar;C:\Program Files\Java\jdk1.8.0_181\jre\lib\rt.jar;C:\Program Files\Java\jdk1.8.0_181\jre\lib\sunrsasign.jar;C:\Program Files\Java\jdk1.8.0_181\jre\lib\jsse.jar;C:\Program Files\Java\jdk1.8.0_181\jre\lib\jce.jar;C:\Program Files\Java\jdk1.8.0_181\jre\lib\charsets.jar;C:\Program Files\Java\jdk1.8.0_181\jre\lib\jfr.jar;C:\Program Files\Java\jdk1.8.0_181\jre\classes"/>
    <property name="PATH+JDK" value="C:\Program Files\Java\jdk1.8.0_181/bin"/>
    <property name="user.country" value="IN"/>
    <property name="POM_PACKAGING" value="jar"/>
    <property name="maven.home" value="C:\apache-maven-3.8.1"/>
    <property name="JOB_BASE_NAME" value="RestAssured"/>
    <property name="java.vendor" value="Oracle Corporation"/>
    <property name="POM_DISPLAYNAME" value="NewRestAssured"/>
    <property name="java.specification.version" value="1.8"/>
    <property name="sun.arch.data.model" value="64"/>
    <property name="GIT_URL" value="https://github.com/laxmikantbm/RestAssured.git"/>
  </properties>
  <testcase classname="com.testcases.rest.TestRest" name="loginVerify" time="21.457"/>
  <testcase classname="com.testcases.rest.TestRest" name="accountDetails" time="7.441"/>
  <testcase classname="com.testcases.rest.TestRest" name="fundTranfer" time="1.789"/>
  <testcase classname="com.testcases.rest.TestRest" name="logOut" time="2.99"/>
</testsuite>