<?xml version="1.0" encoding="UTF-8"?>
<!-- Generated by org.testng.reporters.JUnitReportReporter -->
<testsuite hostname="BRILAP1418" failures="0" tests="4" name="com.testcases.rest.TestRest" time="20.291" errors="0" timestamp="2021-07-13T18:20:38 IST" skipped="0">
  <testcase classname="com.testcases.rest.TestRest" name="loginVerify" time="10.798"/>
  <system-out/>
  <testcase classname="com.testcases.rest.TestRest" name="accountDetails" time="2.501"/>
  <system-out/>
  <testcase classname="com.testcases.rest.TestRest" name="fundTranfer" time="1.317"/>
  <system-out/>
  <testcase classname="com.testcases.rest.TestRest" name="logOut" time="5.675"/>
  <system-out/>
</testsuite> <!-- com.testcases.rest.TestRest -->
