<?xml version="1.0" encoding="UTF-8"?>
<!-- Generated by org.testng.reporters.JUnitReportReporter -->
<testsuite hostname="BRILAP1418" failures="0" tests="4" name="com.testcases.rest.TestRest" time="21.168" errors="0" timestamp="2021-07-19T12:38:08 IST" skipped="0">
  <testcase classname="com.testcases.rest.TestRest" name="loginVerify" time="10.372"/>
  <system-out/>
  <testcase classname="com.testcases.rest.TestRest" name="accountDetails" time="2.827"/>
  <system-out/>
  <testcase classname="com.testcases.rest.TestRest" name="fundTranfer" time="1.391"/>
  <system-out/>
  <testcase classname="com.testcases.rest.TestRest" name="logOut" time="6.578"/>
  <system-out/>
</testsuite> <!-- com.testcases.rest.TestRest -->
