<?xml version="1.0" encoding="UTF-8"?>
<!-- Generated by org.testng.reporters.JUnitReportReporter -->
<testsuite hostname="BRILAP1418" failures="0" tests="1" name="com.objects.rest.Login" time="3.246" errors="0" timestamp="2021-07-12T19:17:22 IST" skipped="0">
  <testcase classname="com.objects.rest.Login" name="login" time="3.246"/>
  <system-out/>
</testsuite> <!-- com.objects.rest.Login -->
