<?xml version="1.0" encoding="UTF-8"?>
<!-- Generated by org.testng.reporters.JUnitReportReporter -->
<testsuite hostname="BRILAP1418" failures="0" tests="4" name="com.testcases.rest.TestRest" time="22.004" errors="0" timestamp="2021-07-13T14:16:17 IST" skipped="0">
  <testcase classname="com.testcases.rest.TestRest" name="loginVerify" time="14.225"/>
  <system-out/>
  <testcase classname="com.testcases.rest.TestRest" name="accountDetails" time="3.305"/>
  <system-out/>
  <testcase classname="com.testcases.rest.TestRest" name="fundTranfer" time="2.588"/>
  <system-out/>
  <testcase classname="com.testcases.rest.TestRest" name="logOut" time="1.886"/>
  <system-out/>
</testsuite> <!-- com.testcases.rest.TestRest -->
