<?xml version="1.0" encoding="UTF-8"?>
<!-- Generated by org.testng.reporters.JUnitReportReporter -->
<testsuite hostname="BRILAP1418" failures="0" tests="3" name="com.testcases.rest.TestRest" time="16.719" errors="0" timestamp="2021-07-12T21:32:19 IST" skipped="0">
  <testcase classname="com.testcases.rest.TestRest" name="loginVerify" time="11.394"/>
  <system-out/>
  <testcase classname="com.testcases.rest.TestRest" name="accountDetails" time="3.398"/>
  <system-out/>
  <testcase classname="com.testcases.rest.TestRest" name="fundTranfer" time="1.927"/>
  <system-out/>
</testsuite> <!-- com.testcases.rest.TestRest -->
