<?xml version="1.0" encoding="UTF-8"?>
<!-- Generated by org.testng.reporters.JUnitReportReporter -->
<testsuite hostname="BRILAP1418" failures="0" tests="4" name="com.testcases.rest.TestRest" time="24.292" errors="0" timestamp="2021-07-13T10:45:55 IST" skipped="0">
  <testcase classname="com.testcases.rest.TestRest" name="loginVerify" time="11.330"/>
  <system-out/>
  <testcase classname="com.testcases.rest.TestRest" name="accountDetails" time="6.122"/>
  <system-out/>
  <testcase classname="com.testcases.rest.TestRest" name="fundTranfer" time="2.125"/>
  <system-out/>
  <testcase classname="com.testcases.rest.TestRest" name="logOut" time="4.715"/>
  <system-out/>
</testsuite> <!-- com.testcases.rest.TestRest -->
