<?xml version="1.0" encoding="UTF-8"?>
<!-- Generated by org.testng.reporters.JUnitReportReporter -->
<testsuite hostname="BRILAP1418" failures="0" tests="4" name="com.testcases.rest.TestRest" time="17.764" errors="0" timestamp="2021-07-12T21:57:36 IST" skipped="0">
  <testcase classname="com.testcases.rest.TestRest" name="loginVerify" time="11.379"/>
  <system-out/>
  <testcase classname="com.testcases.rest.TestRest" name="accountDetails" time="3.360"/>
  <system-out/>
  <testcase classname="com.testcases.rest.TestRest" name="fundTranfer" time="1.396"/>
  <system-out/>
  <testcase classname="com.testcases.rest.TestRest" name="logOut" time="1.629"/>
  <system-out/>
</testsuite> <!-- com.testcases.rest.TestRest -->
