<?xml version="1.0" encoding="UTF-8"?>
<!-- Generated by org.testng.reporters.JUnitReportReporter -->
<testsuite skipped="0" hostname="BRILAP1418" name="com.testcases.rest.TestRest" tests="3" failures="0" timestamp="2021-07-12T21:38:17 IST" time="14.515" errors="0">
  <testcase name="loginVerify" time="10.655" classname="com.testcases.rest.TestRest"/>
  <system-out/>
  <testcase name="accountDetails" time="2.538" classname="com.testcases.rest.TestRest"/>
  <system-out/>
  <testcase name="fundTranfer" time="1.322" classname="com.testcases.rest.TestRest"/>
  <system-out/>
</testsuite> <!-- com.testcases.rest.TestRest -->
