<?xml version="1.0" encoding="UTF-8"?>
<!-- Generated by org.testng.reporters.JUnitReportReporter -->
<testsuite skipped="0" hostname="BRILAP1418" name="com.testcases.rest.TestRest" tests="4" failures="0" timestamp="2021-07-13T11:00:55 IST" time="33.675" errors="0">
  <testcase name="loginVerify" time="21.454" classname="com.testcases.rest.TestRest"/>
  <system-out/>
  <testcase name="accountDetails" time="7.439" classname="com.testcases.rest.TestRest"/>
  <system-out/>
  <testcase name="fundTranfer" time="1.792" classname="com.testcases.rest.TestRest"/>
  <system-out/>
  <testcase name="logOut" time="2.990" classname="com.testcases.rest.TestRest"/>
  <system-out/>
</testsuite> <!-- com.testcases.rest.TestRest -->
