<?xml version="1.0" encoding="UTF-8"?>
<!-- Generated by org.testng.reporters.JUnitReportReporter -->
<testsuite skipped="0" hostname="BRILAP1418" name="com.testcases.rest.TestRest" tests="4" failures="0" timestamp="2021-07-14T15:40:54 IST" time="24.047" errors="0">
  <testcase name="loginVerify" time="12.362" classname="com.testcases.rest.TestRest"/>
  <system-out/>
  <testcase name="accountDetails" time="3.046" classname="com.testcases.rest.TestRest"/>
  <system-out/>
  <testcase name="fundTranfer" time="1.500" classname="com.testcases.rest.TestRest"/>
  <system-out/>
  <testcase name="logOut" time="7.139" classname="com.testcases.rest.TestRest"/>
  <system-out/>
</testsuite> <!-- com.testcases.rest.TestRest -->
