<?xml version="1.0" encoding="UTF-8"?>
<!-- Generated by org.testng.reporters.JUnitReportReporter -->
<testsuite skipped="0" hostname="BRILAP1418" name="com.testcases.rest.TestRest" tests="4" failures="0" timestamp="2021-07-13T14:21:38 IST" time="19.991" errors="0">
  <testcase name="loginVerify" time="11.519" classname="com.testcases.rest.TestRest"/>
  <system-out/>
  <testcase name="accountDetails" time="4.944" classname="com.testcases.rest.TestRest"/>
  <system-out/>
  <testcase name="fundTranfer" time="1.547" classname="com.testcases.rest.TestRest"/>
  <system-out/>
  <testcase name="logOut" time="1.981" classname="com.testcases.rest.TestRest"/>
  <system-out/>
</testsuite> <!-- com.testcases.rest.TestRest -->
