<?xml version="1.0" encoding="UTF-8"?>
<!-- Generated by org.testng.reporters.JUnitReportReporter -->
<testsuite skipped="0" hostname="BRILAP1418" name="com.testcases.rest.TestRest" tests="4" failures="0" timestamp="2021-07-12T22:09:15 IST" time="16.030" errors="0">
  <testcase name="loginVerify" time="10.859" classname="com.testcases.rest.TestRest"/>
  <system-out/>
  <testcase name="accountDetails" time="2.485" classname="com.testcases.rest.TestRest"/>
  <system-out/>
  <testcase name="fundTranfer" time="1.245" classname="com.testcases.rest.TestRest"/>
  <system-out/>
  <testcase name="logOut" time="1.441" classname="com.testcases.rest.TestRest"/>
  <system-out/>
</testsuite> <!-- com.testcases.rest.TestRest -->
