<?xml version="1.0" encoding="UTF-8"?>
<!-- Generated by org.testng.reporters.JUnitReportReporter -->
<testsuite skipped="0" hostname="BRILAP1418" name="com.testcases.rest.TestRest" tests="4" failures="0" timestamp="2021-07-13T18:23:14 IST" time="20.693" errors="0">
  <testcase name="loginVerify" time="10.718" classname="com.testcases.rest.TestRest"/>
  <system-out/>
  <testcase name="accountDetails" time="2.745" classname="com.testcases.rest.TestRest"/>
  <system-out/>
  <testcase name="fundTranfer" time="1.372" classname="com.testcases.rest.TestRest"/>
  <system-out/>
  <testcase name="logOut" time="5.858" classname="com.testcases.rest.TestRest"/>
  <system-out/>
</testsuite> <!-- com.testcases.rest.TestRest -->
